<?xml version="1.0" encoding="UTF-8"?>
<testsuite xmlns:xsi="http://www.w3.org/2001/XMLSchema-instance" xsi:noNamespaceSchemaLocation="https://maven.apache.org/surefire/maven-surefire-plugin/xsd/surefire-test-report-3.0.xsd" version="3.0" name="scheduler.RMSchedulerTest" time="0.076" tests="1" errors="0" skipped="0" failures="0">
  <properties>
    <property name="java.specification.version" value="23"/>
    <property name="sun.jnu.encoding" value="UTF-8"/>
    <property name="java.class.path" value="/Users/edoardosarri/Documents/SWEES/target/test-classes:/Users/edoardosarri/Documents/SWEES/target/classes:/Users/edoardosarri/.m2/repository/org/assertj/assertj-core/3.24.2/assertj-core-3.24.2.jar:/Users/edoardosarri/.m2/repository/net/bytebuddy/byte-buddy/1.12.21/byte-buddy-1.12.21.jar:/Users/edoardosarri/.m2/repository/com/google/guava/guava/31.0.1-jre/guava-31.0.1-jre.jar:/Users/edoardosarri/.m2/repository/com/google/guava/failureaccess/1.0.1/failureaccess-1.0.1.jar:/Users/edoardosarri/.m2/repository/com/google/guava/listenablefuture/9999.0-empty-to-avoid-conflict-with-guava/listenablefuture-9999.0-empty-to-avoid-conflict-with-guava.jar:/Users/edoardosarri/.m2/repository/com/google/code/findbugs/jsr305/3.0.2/jsr305-3.0.2.jar:/Users/edoardosarri/.m2/repository/org/checkerframework/checker-qual/3.12.0/checker-qual-3.12.0.jar:/Users/edoardosarri/.m2/repository/com/google/errorprone/error_prone_annotations/2.7.1/error_prone_annotations-2.7.1.jar:/Users/edoardosarri/.m2/repository/com/google/j2objc/j2objc-annotations/1.3/j2objc-annotations-1.3.jar:/Users/edoardosarri/.m2/repository/it/sirio/sirio/2.0.4/sirio-2.0.4.jar:/Users/edoardosarri/.m2/repository/com/google/auto/value/auto-value-annotations/1.8.2/auto-value-annotations-1.8.2.jar:/Users/edoardosarri/.m2/repository/org/jfree/jfreechart/1.5.3/jfreechart-1.5.3.jar:/Users/edoardosarri/.m2/repository/org/tinyjee/jgraphx/jgraphx/3.4.1.3/jgraphx-3.4.1.3.jar:/Users/edoardosarri/.m2/repository/org/ejml/ejml-all/0.41/ejml-all-0.41.jar:/Users/edoardosarri/.m2/repository/org/ejml/ejml-core/0.41/ejml-core-0.41.jar:/Users/edoardosarri/.m2/repository/org/ejml/ejml-fdense/0.41/ejml-fdense-0.41.jar:/Users/edoardosarri/.m2/repository/org/ejml/ejml-ddense/0.41/ejml-ddense-0.41.jar:/Users/edoardosarri/.m2/repository/org/ejml/ejml-cdense/0.41/ejml-cdense-0.41.jar:/Users/edoardosarri/.m2/repository/org/ejml/ejml-zdense/0.41/ejml-zdense-0.41.jar:/Users/edoardosarri/.m2/repository/org/ejml/ejml-dsparse/0.41/ejml-dsparse-0.41.jar:/Users/edoardosarri/.m2/repository/org/ejml/ejml-simple/0.41/ejml-simple-0.41.jar:/Users/edoardosarri/.m2/repository/org/ejml/ejml-fsparse/0.41/ejml-fsparse-0.41.jar:/Users/edoardosarri/.m2/repository/org/apache/commons/commons-math3/3.6.1/commons-math3-3.6.1.jar:/Users/edoardosarri/.m2/repository/org/la4j/la4j/0.6.0/la4j-0.6.0.jar:/Users/edoardosarri/.m2/repository/org/slf4j/slf4j-api/1.7.32/slf4j-api-1.7.32.jar:/Users/edoardosarri/.m2/repository/org/apache/commons/commons-csv/1.9.0/commons-csv-1.9.0.jar:/Users/edoardosarri/.m2/repository/junit/junit/4.13.2/junit-4.13.2.jar:/Users/edoardosarri/.m2/repository/org/hamcrest/hamcrest-core/1.3/hamcrest-core-1.3.jar:"/>
    <property name="java.vm.vendor" value="Homebrew"/>
    <property name="sun.arch.data.model" value="64"/>
    <property name="java.vendor.url" value="https://github.com/Homebrew/homebrew-core/issues"/>
    <property name="os.name" value="Mac OS X"/>
    <property name="java.vm.specification.version" value="23"/>
    <property name="sun.java.launcher" value="SUN_STANDARD"/>
    <property name="user.country" value="IT"/>
    <property name="sun.boot.library.path" value="/opt/homebrew/Cellar/openjdk/23.0.2/libexec/openjdk.jdk/Contents/Home/lib"/>
    <property name="sun.java.command" value="/Users/edoardosarri/Documents/SWEES/target/surefire/surefirebooter-20250517172420083_3.jar /Users/edoardosarri/Documents/SWEES/target/surefire 2025-05-17T17-24-20_037-jvmRun1 surefire-20250517172420083_1tmp surefire_0-20250517172420083_2tmp"/>
    <property name="jdk.debug" value="release"/>
    <property name="surefire.test.class.path" value="/Users/edoardosarri/Documents/SWEES/target/test-classes:/Users/edoardosarri/Documents/SWEES/target/classes:/Users/edoardosarri/.m2/repository/org/assertj/assertj-core/3.24.2/assertj-core-3.24.2.jar:/Users/edoardosarri/.m2/repository/net/bytebuddy/byte-buddy/1.12.21/byte-buddy-1.12.21.jar:/Users/edoardosarri/.m2/repository/com/google/guava/guava/31.0.1-jre/guava-31.0.1-jre.jar:/Users/edoardosarri/.m2/repository/com/google/guava/failureaccess/1.0.1/failureaccess-1.0.1.jar:/Users/edoardosarri/.m2/repository/com/google/guava/listenablefuture/9999.0-empty-to-avoid-conflict-with-guava/listenablefuture-9999.0-empty-to-avoid-conflict-with-guava.jar:/Users/edoardosarri/.m2/repository/com/google/code/findbugs/jsr305/3.0.2/jsr305-3.0.2.jar:/Users/edoardosarri/.m2/repository/org/checkerframework/checker-qual/3.12.0/checker-qual-3.12.0.jar:/Users/edoardosarri/.m2/repository/com/google/errorprone/error_prone_annotations/2.7.1/error_prone_annotations-2.7.1.jar:/Users/edoardosarri/.m2/repository/com/google/j2objc/j2objc-annotations/1.3/j2objc-annotations-1.3.jar:/Users/edoardosarri/.m2/repository/it/sirio/sirio/2.0.4/sirio-2.0.4.jar:/Users/edoardosarri/.m2/repository/com/google/auto/value/auto-value-annotations/1.8.2/auto-value-annotations-1.8.2.jar:/Users/edoardosarri/.m2/repository/org/jfree/jfreechart/1.5.3/jfreechart-1.5.3.jar:/Users/edoardosarri/.m2/repository/org/tinyjee/jgraphx/jgraphx/3.4.1.3/jgraphx-3.4.1.3.jar:/Users/edoardosarri/.m2/repository/org/ejml/ejml-all/0.41/ejml-all-0.41.jar:/Users/edoardosarri/.m2/repository/org/ejml/ejml-core/0.41/ejml-core-0.41.jar:/Users/edoardosarri/.m2/repository/org/ejml/ejml-fdense/0.41/ejml-fdense-0.41.jar:/Users/edoardosarri/.m2/repository/org/ejml/ejml-ddense/0.41/ejml-ddense-0.41.jar:/Users/edoardosarri/.m2/repository/org/ejml/ejml-cdense/0.41/ejml-cdense-0.41.jar:/Users/edoardosarri/.m2/repository/org/ejml/ejml-zdense/0.41/ejml-zdense-0.41.jar:/Users/edoardosarri/.m2/repository/org/ejml/ejml-dsparse/0.41/ejml-dsparse-0.41.jar:/Users/edoardosarri/.m2/repository/org/ejml/ejml-simple/0.41/ejml-simple-0.41.jar:/Users/edoardosarri/.m2/repository/org/ejml/ejml-fsparse/0.41/ejml-fsparse-0.41.jar:/Users/edoardosarri/.m2/repository/org/apache/commons/commons-math3/3.6.1/commons-math3-3.6.1.jar:/Users/edoardosarri/.m2/repository/org/la4j/la4j/0.6.0/la4j-0.6.0.jar:/Users/edoardosarri/.m2/repository/org/slf4j/slf4j-api/1.7.32/slf4j-api-1.7.32.jar:/Users/edoardosarri/.m2/repository/org/apache/commons/commons-csv/1.9.0/commons-csv-1.9.0.jar:/Users/edoardosarri/.m2/repository/junit/junit/4.13.2/junit-4.13.2.jar:/Users/edoardosarri/.m2/repository/org/hamcrest/hamcrest-core/1.3/hamcrest-core-1.3.jar:"/>
    <property name="sun.cpu.endian" value="little"/>
    <property name="user.home" value="/Users/edoardosarri"/>
    <property name="user.language" value="it"/>
    <property name="java.specification.vendor" value="Oracle Corporation"/>
    <property name="java.version.date" value="2025-01-21"/>
    <property name="java.home" value="/opt/homebrew/Cellar/openjdk/23.0.2/libexec/openjdk.jdk/Contents/Home"/>
    <property name="file.separator" value="/"/>
    <property name="basedir" value="/Users/edoardosarri/Documents/SWEES"/>
    <property name="java.vm.compressedOopsMode" value="Zero based"/>
    <property name="line.separator" value="&#10;"/>
    <property name="java.specification.name" value="Java Platform API Specification"/>
    <property name="java.vm.specification.vendor" value="Oracle Corporation"/>
    <property name="apple.awt.application.name" value="ForkedBooter"/>
    <property name="surefire.real.class.path" value="/Users/edoardosarri/Documents/SWEES/target/surefire/surefirebooter-20250517172420083_3.jar"/>
    <property name="sun.management.compiler" value="HotSpot 64-Bit Tiered Compilers"/>
    <property name="java.runtime.version" value="23.0.2"/>
    <property name="user.name" value="edoardosarri"/>
    <property name="stdout.encoding" value="UTF-8"/>
    <property name="path.separator" value=":"/>
    <property name="os.version" value="15.5"/>
    <property name="java.runtime.name" value="OpenJDK Runtime Environment"/>
    <property name="file.encoding" value="UTF-8"/>
    <property name="java.vm.name" value="OpenJDK 64-Bit Server VM"/>
    <property name="java.vendor.version" value="Homebrew"/>
    <property name="localRepository" value="/Users/edoardosarri/.m2/repository"/>
    <property name="java.vendor.url.bug" value="https://github.com/Homebrew/homebrew-core/issues"/>
    <property name="java.io.tmpdir" value="/var/folders/sx/bndqj1097957g_8s1z97gf6r0000gn/T/"/>
    <property name="java.version" value="23.0.2"/>
    <property name="user.dir" value="/Users/edoardosarri/Documents/SWEES"/>
    <property name="os.arch" value="aarch64"/>
    <property name="java.vm.specification.name" value="Java Virtual Machine Specification"/>
    <property name="native.encoding" value="UTF-8"/>
    <property name="java.library.path" value="/Users/edoardosarri/Library/Java/Extensions:/Library/Java/Extensions:/Network/Library/Java/Extensions:/System/Library/Java/Extensions:/usr/lib/java:."/>
    <property name="java.vm.info" value="mixed mode, sharing"/>
    <property name="stderr.encoding" value="UTF-8"/>
    <property name="java.vendor" value="Homebrew"/>
    <property name="java.vm.version" value="23.0.2"/>
    <property name="sun.io.unicode.encoding" value="UnicodeBig"/>
    <property name="java.class.version" value="67.0"/>
  </properties>
  <testcase name="assignPriority" classname="scheduler.RMSchedulerTest" time="0.044"/>
</testsuite>