<?xml version="1.0" encoding="UTF-8"?>
<testsuite xmlns:xsi="http://www.w3.org/2001/XMLSchema-instance" xsi:noNamespaceSchemaLocation="https://maven.apache.org/surefire/maven-surefire-plugin/xsd/surefire-test-report-3.0.xsd" version="3.0" name="scheduler.RMSchedulerTest" time="0.184" tests="9" errors="0" skipped="0" failures="0">
  <properties>
    <property name="java.specification.version" value="23"/>
    <property name="sun.jnu.encoding" value="UTF-8"/>
    <property name="java.class.path" value="/Users/edoardosarri/Documents/SWEES/target/test-classes:/Users/edoardosarri/Documents/SWEES/target/classes:/Users/edoardosarri/.m2/repository/org/assertj/assertj-core/3.24.2/assertj-core-3.24.2.jar:/Users/edoardosarri/.m2/repository/net/bytebuddy/byte-buddy/1.12.21/byte-buddy-1.12.21.jar:/Users/edoardosarri/.m2/repository/com/google/guava/guava/31.0.1-jre/guava-31.0.1-jre.jar:/Users/edoardosarri/.m2/repository/com/google/guava/failureaccess/1.0.1/failureaccess-1.0.1.jar:/Users/edoardosarri/.m2/repository/com/google/guava/listenablefuture/9999.0-empty-to-avoid-conflict-with-guava/listenablefuture-9999.0-empty-to-avoid-conflict-with-guava.jar:/Users/edoardosarri/.m2/repository/com/google/code/findbugs/jsr305/3.0.2/jsr305-3.0.2.jar:/Users/edoardosarri/.m2/repository/org/checkerframework/checker-qual/3.12.0/checker-qual-3.12.0.jar:/Users/edoardosarri/.m2/repository/com/google/errorprone/error_prone_annotations/2.7.1/error_prone_annotations-2.7.1.jar:/Users/edoardosarri/.m2/repository/com/google/j2objc/j2objc-annotations/1.3/j2objc-annotations-1.3.jar:/Users/edoardosarri/.m2/repository/it/sirio/sirio/2.0.4/sirio-2.0.4.jar:/Users/edoardosarri/.m2/repository/com/google/auto/value/auto-value-annotations/1.8.2/auto-value-annotations-1.8.2.jar:/Users/edoardosarri/.m2/repository/org/jfree/jfreechart/1.5.3/jfreechart-1.5.3.jar:/Users/edoardosarri/.m2/repository/org/tinyjee/jgraphx/jgraphx/3.4.1.3/jgraphx-3.4.1.3.jar:/Users/edoardosarri/.m2/repository/org/ejml/ejml-all/0.41/ejml-all-0.41.jar:/Users/edoardosarri/.m2/repository/org/ejml/ejml-core/0.41/ejml-core-0.41.jar:/Users/edoardosarri/.m2/repository/org/ejml/ejml-fdense/0.41/ejml-fdense-0.41.jar:/Users/edoardosarri/.m2/repository/org/ejml/ejml-ddense/0.41/ejml-ddense-0.41.jar:/Users/edoardosarri/.m2/repository/org/ejml/ejml-cdense/0.41/ejml-cdense-0.41.jar:/Users/edoardosarri/.m2/repository/org/ejml/ejml-zdense/0.41/ejml-zdense-0.41.jar:/Users/edoardosarri/.m2/repository/org/ejml/ejml-dsparse/0.41/ejml-dsparse-0.41.jar:/Users/edoardosarri/.m2/repository/org/ejml/ejml-simple/0.41/ejml-simple-0.41.jar:/Users/edoardosarri/.m2/repository/org/ejml/ejml-fsparse/0.41/ejml-fsparse-0.41.jar:/Users/edoardosarri/.m2/repository/org/apache/commons/commons-math3/3.6.1/commons-math3-3.6.1.jar:/Users/edoardosarri/.m2/repository/org/la4j/la4j/0.6.0/la4j-0.6.0.jar:/Users/edoardosarri/.m2/repository/org/slf4j/slf4j-api/1.7.32/slf4j-api-1.7.32.jar:/Users/edoardosarri/.m2/repository/org/apache/commons/commons-csv/1.9.0/commons-csv-1.9.0.jar:/Users/edoardosarri/.m2/repository/junit/junit/4.13.2/junit-4.13.2.jar:/Users/edoardosarri/.m2/repository/org/hamcrest/hamcrest-core/1.3/hamcrest-core-1.3.jar:"/>
    <property name="java.vm.vendor" value="Homebrew"/>
    <property name="sun.arch.data.model" value="64"/>
    <property name="java.vendor.url" value="https://github.com/Homebrew/homebrew-core/issues"/>
    <property name="os.name" value="Mac OS X"/>
    <property name="java.vm.specification.version" value="23"/>
    <property name="sun.java.launcher" value="SUN_STANDARD"/>
    <property name="user.country" value="IT"/>
    <property name="sun.boot.library.path" value="/opt/homebrew/Cellar/openjdk/23.0.2/libexec/openjdk.jdk/Contents/Home/lib"/>
    <property name="sun.java.command" value="/Users/edoardosarri/Documents/SWEES/target/surefire/surefirebooter-20250514234129550_3.jar /Users/edoardosarri/Documents/SWEES/target/surefire 2025-05-14T23-41-29_505-jvmRun1 surefire-20250514234129550_1tmp surefire_0-20250514234129550_2tmp"/>
    <property name="http.nonProxyHosts" value="local|*.local|169.254/16|*.169.254/16"/>
    <property name="jdk.debug" value="release"/>
    <property name="surefire.test.class.path" value="/Users/edoardosarri/Documents/SWEES/target/test-classes:/Users/edoardosarri/Documents/SWEES/target/classes:/Users/edoardosarri/.m2/repository/org/assertj/assertj-core/3.24.2/assertj-core-3.24.2.jar:/Users/edoardosarri/.m2/repository/net/bytebuddy/byte-buddy/1.12.21/byte-buddy-1.12.21.jar:/Users/edoardosarri/.m2/repository/com/google/guava/guava/31.0.1-jre/guava-31.0.1-jre.jar:/Users/edoardosarri/.m2/repository/com/google/guava/failureaccess/1.0.1/failureaccess-1.0.1.jar:/Users/edoardosarri/.m2/repository/com/google/guava/listenablefuture/9999.0-empty-to-avoid-conflict-with-guava/listenablefuture-9999.0-empty-to-avoid-conflict-with-guava.jar:/Users/edoardosarri/.m2/repository/com/google/code/findbugs/jsr305/3.0.2/jsr305-3.0.2.jar:/Users/edoardosarri/.m2/repository/org/checkerframework/checker-qual/3.12.0/checker-qual-3.12.0.jar:/Users/edoardosarri/.m2/repository/com/google/errorprone/error_prone_annotations/2.7.1/error_prone_annotations-2.7.1.jar:/Users/edoardosarri/.m2/repository/com/google/j2objc/j2objc-annotations/1.3/j2objc-annotations-1.3.jar:/Users/edoardosarri/.m2/repository/it/sirio/sirio/2.0.4/sirio-2.0.4.jar:/Users/edoardosarri/.m2/repository/com/google/auto/value/auto-value-annotations/1.8.2/auto-value-annotations-1.8.2.jar:/Users/edoardosarri/.m2/repository/org/jfree/jfreechart/1.5.3/jfreechart-1.5.3.jar:/Users/edoardosarri/.m2/repository/org/tinyjee/jgraphx/jgraphx/3.4.1.3/jgraphx-3.4.1.3.jar:/Users/edoardosarri/.m2/repository/org/ejml/ejml-all/0.41/ejml-all-0.41.jar:/Users/edoardosarri/.m2/repository/org/ejml/ejml-core/0.41/ejml-core-0.41.jar:/Users/edoardosarri/.m2/repository/org/ejml/ejml-fdense/0.41/ejml-fdense-0.41.jar:/Users/edoardosarri/.m2/repository/org/ejml/ejml-ddense/0.41/ejml-ddense-0.41.jar:/Users/edoardosarri/.m2/repository/org/ejml/ejml-cdense/0.41/ejml-cdense-0.41.jar:/Users/edoardosarri/.m2/repository/org/ejml/ejml-zdense/0.41/ejml-zdense-0.41.jar:/Users/edoardosarri/.m2/repository/org/ejml/ejml-dsparse/0.41/ejml-dsparse-0.41.jar:/Users/edoardosarri/.m2/repository/org/ejml/ejml-simple/0.41/ejml-simple-0.41.jar:/Users/edoardosarri/.m2/repository/org/ejml/ejml-fsparse/0.41/ejml-fsparse-0.41.jar:/Users/edoardosarri/.m2/repository/org/apache/commons/commons-math3/3.6.1/commons-math3-3.6.1.jar:/Users/edoardosarri/.m2/repository/org/la4j/la4j/0.6.0/la4j-0.6.0.jar:/Users/edoardosarri/.m2/repository/org/slf4j/slf4j-api/1.7.32/slf4j-api-1.7.32.jar:/Users/edoardosarri/.m2/repository/org/apache/commons/commons-csv/1.9.0/commons-csv-1.9.0.jar:/Users/edoardosarri/.m2/repository/junit/junit/4.13.2/junit-4.13.2.jar:/Users/edoardosarri/.m2/repository/org/hamcrest/hamcrest-core/1.3/hamcrest-core-1.3.jar:"/>
    <property name="sun.cpu.endian" value="little"/>
    <property name="user.home" value="/Users/edoardosarri"/>
    <property name="user.language" value="it"/>
    <property name="java.specification.vendor" value="Oracle Corporation"/>
    <property name="java.version.date" value="2025-01-21"/>
    <property name="java.home" value="/opt/homebrew/Cellar/openjdk/23.0.2/libexec/openjdk.jdk/Contents/Home"/>
    <property name="file.separator" value="/"/>
    <property name="basedir" value="/Users/edoardosarri/Documents/SWEES"/>
    <property name="java.vm.compressedOopsMode" value="Zero based"/>
    <property name="line.separator" value="&#10;"/>
    <property name="java.vm.specification.vendor" value="Oracle Corporation"/>
    <property name="java.specification.name" value="Java Platform API Specification"/>
    <property name="apple.awt.application.name" value="ForkedBooter"/>
    <property name="surefire.real.class.path" value="/Users/edoardosarri/Documents/SWEES/target/surefire/surefirebooter-20250514234129550_3.jar"/>
    <property name="sun.management.compiler" value="HotSpot 64-Bit Tiered Compilers"/>
    <property name="ftp.nonProxyHosts" value="local|*.local|169.254/16|*.169.254/16"/>
    <property name="java.runtime.version" value="23.0.2"/>
    <property name="user.name" value="edoardosarri"/>
    <property name="stdout.encoding" value="UTF-8"/>
    <property name="path.separator" value=":"/>
    <property name="os.version" value="15.5"/>
    <property name="java.runtime.name" value="OpenJDK Runtime Environment"/>
    <property name="file.encoding" value="UTF-8"/>
    <property name="java.vm.name" value="OpenJDK 64-Bit Server VM"/>
    <property name="java.vendor.version" value="Homebrew"/>
    <property name="localRepository" value="/Users/edoardosarri/.m2/repository"/>
    <property name="java.vendor.url.bug" value="https://github.com/Homebrew/homebrew-core/issues"/>
    <property name="java.io.tmpdir" value="/var/folders/sx/bndqj1097957g_8s1z97gf6r0000gn/T/"/>
    <property name="java.version" value="23.0.2"/>
    <property name="user.dir" value="/Users/edoardosarri/Documents/SWEES"/>
    <property name="os.arch" value="aarch64"/>
    <property name="java.vm.specification.name" value="Java Virtual Machine Specification"/>
    <property name="native.encoding" value="UTF-8"/>
    <property name="java.library.path" value="/Users/edoardosarri/Library/Java/Extensions:/Library/Java/Extensions:/Network/Library/Java/Extensions:/System/Library/Java/Extensions:/usr/lib/java:."/>
    <property name="java.vm.info" value="mixed mode, sharing"/>
    <property name="stderr.encoding" value="UTF-8"/>
    <property name="java.vendor" value="Homebrew"/>
    <property name="java.vm.version" value="23.0.2"/>
    <property name="sun.io.unicode.encoding" value="UnicodeBig"/>
    <property name="socksNonProxyHosts" value="local|*.local|169.254/16|*.169.254/16"/>
    <property name="java.class.version" value="67.0"/>
  </properties>
  <testcase name="constructorKO" classname="scheduler.RMSchedulerTest" time="0.05"/>
  <testcase name="schedule1" classname="scheduler.RMSchedulerTest" time="0.042">
    <system-err><![CDATA[mag 14, 2025 11:41:29 PM scheduler.RMScheduler schedule
INFORMAZIONI: Time: 0. Tutti i task sono stati rilascaiti
mag 14, 2025 11:41:29 PM taskSet.Chunk execute
INFORMAZIONI: Il chunk 0 del task 1 ha eseguito per PT10S
mag 14, 2025 11:41:29 PM taskSet.Chunk execute
INFORMAZIONI: Il chunk 1 del task 1 ha eseguito per PT3S
mag 14, 2025 11:41:29 PM taskSet.Chunk execute
INFORMAZIONI: Il chunk 2 del task 2 ha eseguito per PT5S
mag 14, 2025 11:41:29 PM taskSet.Chunk execute
INFORMAZIONI: Il chunk 3 del task 2 ha eseguito per PT2S
mag 14, 2025 11:41:29 PM scheduler.RMScheduler schedule
INFORMAZIONI: Time: PT20S
mag 14, 2025 11:41:29 PM taskSet.Task checkAndReset
INFORMAZIONI: Il task 1 è stato rilasciato
mag 14, 2025 11:41:29 PM taskSet.Chunk execute
INFORMAZIONI: Il chunk 0 del task 1 ha eseguito per PT10S
mag 14, 2025 11:41:29 PM taskSet.Chunk execute
INFORMAZIONI: Il chunk 1 del task 1 ha eseguito per PT3S
mag 14, 2025 11:41:29 PM taskSet.Chunk execute
INFORMAZIONI: Il chunk 4 del task 3 ha eseguito per PT4S
mag 14, 2025 11:41:29 PM scheduler.RMScheduler schedule
INFORMAZIONI: Time: PT40S
mag 14, 2025 11:41:29 PM taskSet.Task checkAndReset
INFORMAZIONI: Il task 1 è stato rilasciato
mag 14, 2025 11:41:29 PM taskSet.Chunk execute
INFORMAZIONI: Il chunk 0 del task 1 ha eseguito per PT10S
mag 14, 2025 11:41:29 PM scheduler.RMScheduler schedule
INFORMAZIONI: Time: PT50S
mag 14, 2025 11:41:29 PM taskSet.Task checkAndReset
INFORMAZIONI: Il task 2 è stato rilasciato
mag 14, 2025 11:41:29 PM taskSet.Chunk execute
INFORMAZIONI: Il chunk 1 del task 1 ha eseguito per PT3S
mag 14, 2025 11:41:29 PM taskSet.Chunk execute
INFORMAZIONI: Il chunk 2 del task 2 ha eseguito per PT5S
mag 14, 2025 11:41:29 PM taskSet.Chunk execute
INFORMAZIONI: Il chunk 3 del task 2 ha eseguito per PT2S
mag 14, 2025 11:41:29 PM scheduler.RMScheduler schedule
INFORMAZIONI: Time: PT1M
mag 14, 2025 11:41:29 PM taskSet.Task checkAndReset
INFORMAZIONI: Il task 1 è stato rilasciato
mag 14, 2025 11:41:29 PM taskSet.Chunk execute
INFORMAZIONI: Il chunk 0 del task 1 ha eseguito per PT10S
mag 14, 2025 11:41:29 PM taskSet.Chunk execute
INFORMAZIONI: Il chunk 1 del task 1 ha eseguito per PT3S
mag 14, 2025 11:41:29 PM scheduler.RMScheduler schedule
INFORMAZIONI: Time: PT1M20S
mag 14, 2025 11:41:29 PM taskSet.Task checkAndReset
INFORMAZIONI: Il task 1 è stato rilasciato
mag 14, 2025 11:41:29 PM taskSet.Chunk execute
INFORMAZIONI: Il chunk 0 del task 1 ha eseguito per PT10S
mag 14, 2025 11:41:29 PM taskSet.Chunk execute
INFORMAZIONI: Il chunk 1 del task 1 ha eseguito per PT3S
mag 14, 2025 11:41:29 PM scheduler.RMScheduler schedule
INFORMAZIONI: Time: PT1M40S
mag 14, 2025 11:41:29 PM taskSet.Task checkAndReset
INFORMAZIONI: Il task 3 è stato rilasciato
mag 14, 2025 11:41:29 PM taskSet.Task checkAndReset
INFORMAZIONI: Il task 2 è stato rilasciato
mag 14, 2025 11:41:29 PM taskSet.Task checkAndReset
INFORMAZIONI: Il task 1 è stato rilasciato
mag 14, 2025 11:41:29 PM scheduler.RMScheduler schedule
INFORMAZIONI: La generazione di tracce è avvenuta con successo!
]]></system-err>
  </testcase>
  <testcase name="schedule2" classname="scheduler.RMSchedulerTest" time="0.004">
    <system-err><![CDATA[mag 14, 2025 11:41:29 PM scheduler.RMScheduler schedule
INFORMAZIONI: Time: 0. Tutti i task sono stati rilascaiti
mag 14, 2025 11:41:29 PM taskSet.Chunk execute
INFORMAZIONI: Il chunk 0 del task 4 ha eseguito per PT10S
mag 14, 2025 11:41:29 PM taskSet.Chunk execute
INFORMAZIONI: Il chunk 1 del task 4 ha eseguito per PT3S
mag 14, 2025 11:41:29 PM taskSet.Chunk execute
INFORMAZIONI: Il chunk 2 del task 5 ha eseguito per PT5S
mag 14, 2025 11:41:29 PM taskSet.Chunk execute
INFORMAZIONI: Il chunk 3 del task 5 ha eseguito per PT2S
mag 14, 2025 11:41:29 PM scheduler.RMScheduler schedule
INFORMAZIONI: Time: PT20S
mag 14, 2025 11:41:29 PM taskSet.Task checkAndReset
INFORMAZIONI: Il task 4 è stato rilasciato
mag 14, 2025 11:41:29 PM taskSet.Chunk execute
INFORMAZIONI: Il chunk 0 del task 4 ha eseguito per PT10S
mag 14, 2025 11:41:29 PM taskSet.Chunk execute
INFORMAZIONI: Il chunk 1 del task 4 ha eseguito per PT3S
mag 14, 2025 11:41:29 PM taskSet.Chunk execute
INFORMAZIONI: Il chunk 3 del task 5 ha eseguito per PT7S
mag 14, 2025 11:41:29 PM scheduler.RMScheduler schedule
INFORMAZIONI: Time: PT40S
mag 14, 2025 11:41:29 PM taskSet.Task checkAndReset
INFORMAZIONI: Il task 4 è stato rilasciato
mag 14, 2025 11:41:29 PM taskSet.Chunk execute
INFORMAZIONI: Il chunk 0 del task 4 ha eseguito per PT10S
mag 14, 2025 11:41:29 PM scheduler.RMScheduler schedule
INFORMAZIONI: Time: PT50S
]]></system-err>
  </testcase>
  <testcase name="schedule3" classname="scheduler.RMSchedulerTest" time="0.009">
    <system-err><![CDATA[mag 14, 2025 11:41:29 PM scheduler.RMScheduler schedule
INFORMAZIONI: Time: 0. Tutti i task sono stati rilascaiti
mag 14, 2025 11:41:29 PM taskSet.Chunk execute
INFORMAZIONI: Il chunk 0 del task 7 ha eseguito per PT10S
mag 14, 2025 11:41:29 PM taskSet.Chunk execute
INFORMAZIONI: Il chunk 1 del task 7 ha eseguito per PT3S
mag 14, 2025 11:41:29 PM taskSet.Chunk execute
INFORMAZIONI: Il chunk 2 del task 8 ha eseguito per PT5S
mag 14, 2025 11:41:29 PM taskSet.Chunk execute
INFORMAZIONI: Il chunk 3 del task 8 ha eseguito per PT2S
mag 14, 2025 11:41:29 PM scheduler.RMScheduler schedule
INFORMAZIONI: Time: PT20S
mag 14, 2025 11:41:29 PM taskSet.Task checkAndReset
INFORMAZIONI: Il task 7 è stato rilasciato
mag 14, 2025 11:41:29 PM taskSet.Chunk execute
INFORMAZIONI: Il chunk 0 del task 7 ha eseguito per PT10S
mag 14, 2025 11:41:29 PM taskSet.Chunk execute
INFORMAZIONI: Il chunk 1 del task 7 ha eseguito per PT3S
mag 14, 2025 11:41:29 PM taskSet.Chunk execute
INFORMAZIONI: Il chunk 4 del task 9 ha eseguito per PT7S
mag 14, 2025 11:41:29 PM scheduler.RMScheduler schedule
INFORMAZIONI: Time: PT40S
mag 14, 2025 11:41:29 PM taskSet.Task checkAndReset
INFORMAZIONI: Il task 7 è stato rilasciato
mag 14, 2025 11:41:29 PM taskSet.Chunk execute
INFORMAZIONI: Il chunk 0 del task 7 ha eseguito per PT10S
mag 14, 2025 11:41:29 PM scheduler.RMScheduler schedule
INFORMAZIONI: Time: PT50S
mag 14, 2025 11:41:29 PM taskSet.Task checkAndReset
INFORMAZIONI: Il task 8 è stato rilasciato
mag 14, 2025 11:41:29 PM taskSet.Chunk execute
INFORMAZIONI: Il chunk 1 del task 7 ha eseguito per PT3S
mag 14, 2025 11:41:29 PM taskSet.Chunk execute
INFORMAZIONI: Il chunk 2 del task 8 ha eseguito per PT5S
mag 14, 2025 11:41:29 PM taskSet.Chunk execute
INFORMAZIONI: Il chunk 3 del task 8 ha eseguito per PT2S
mag 14, 2025 11:41:29 PM scheduler.RMScheduler schedule
INFORMAZIONI: Time: PT1M
mag 14, 2025 11:41:29 PM taskSet.Task checkAndReset
INFORMAZIONI: Il task 7 è stato rilasciato
mag 14, 2025 11:41:29 PM taskSet.Chunk execute
INFORMAZIONI: Il chunk 0 del task 7 ha eseguito per PT10S
mag 14, 2025 11:41:29 PM taskSet.Chunk execute
INFORMAZIONI: Il chunk 1 del task 7 ha eseguito per PT3S
mag 14, 2025 11:41:29 PM taskSet.Chunk execute
INFORMAZIONI: Il chunk 4 del task 9 ha eseguito per PT7S
mag 14, 2025 11:41:29 PM scheduler.RMScheduler schedule
INFORMAZIONI: Time: PT1M20S
mag 14, 2025 11:41:29 PM taskSet.Task checkAndReset
INFORMAZIONI: Il task 7 è stato rilasciato
mag 14, 2025 11:41:29 PM taskSet.Chunk execute
INFORMAZIONI: Il chunk 0 del task 7 ha eseguito per PT10S
mag 14, 2025 11:41:29 PM taskSet.Chunk execute
INFORMAZIONI: Il chunk 1 del task 7 ha eseguito per PT3S
mag 14, 2025 11:41:29 PM taskSet.Chunk execute
INFORMAZIONI: Il chunk 4 del task 9 ha eseguito per PT7S
mag 14, 2025 11:41:29 PM scheduler.RMScheduler schedule
INFORMAZIONI: Time: PT1M40S
mag 14, 2025 11:41:29 PM taskSet.Task checkAndReset
INFORMAZIONI: Il task 8 è stato rilasciato
]]></system-err>
  </testcase>
  <testcase name="schedule4" classname="scheduler.RMSchedulerTest" time="0.0">
    <system-err><![CDATA[mag 14, 2025 11:41:29 PM scheduler.RMScheduler schedule
INFORMAZIONI: Time: 0. Tutti i task sono stati rilascaiti
mag 14, 2025 11:41:29 PM taskSet.Chunk execute
INFORMAZIONI: Il chunk 0 del task 10 ha eseguito per PT10S
mag 14, 2025 11:41:29 PM taskSet.Chunk execute
INFORMAZIONI: Il chunk 1 del task 10 ha eseguito per PT10S
mag 14, 2025 11:41:29 PM scheduler.RMScheduler schedule
INFORMAZIONI: Time: PT20S
]]></system-err>
  </testcase>
  <testcase name="assignPriority" classname="scheduler.RMSchedulerTest" time="0.003"/>
  <testcase name="scheduleWRes1" classname="scheduler.RMSchedulerTest" time="0.021">
    <system-err><![CDATA[mag 14, 2025 11:41:29 PM scheduler.RMScheduler schedule
INFORMAZIONI: Time: 0. Tutti i task sono stati rilascaiti
mag 14, 2025 11:41:29 PM taskSet.Chunk execute
INFORMAZIONI: Il chunk 0 del task 16 ha eseguito per PT1S
mag 14, 2025 11:41:29 PM resource.PriorityCeilingProtocol progress
INFORMAZIONI: Il chunk 1 del task 16 ha acquisito le risorse [0]. La priorità dinamica del task ora è 5
mag 14, 2025 11:41:29 PM taskSet.Chunk execute
INFORMAZIONI: Il chunk 1 del task 16 ha eseguito per PT2S
mag 14, 2025 11:41:29 PM resource.PriorityCeilingProtocol release
INFORMAZIONI: Il chunk 1 del task 16 ha rilasciato le risorse [0]. La priorità dinamica del task ora è 5
mag 14, 2025 11:41:29 PM resource.PriorityCeilingProtocol progress
INFORMAZIONI: Il chunk 2 del task 17 ha acquisito le risorse [0]. La priorità dinamica del task ora è 7
mag 14, 2025 11:41:29 PM taskSet.Chunk execute
INFORMAZIONI: Il chunk 2 del task 17 ha eseguito per PT2S
mag 14, 2025 11:41:29 PM resource.PriorityCeilingProtocol release
INFORMAZIONI: Il chunk 2 del task 17 ha rilasciato le risorse [0]. La priorità dinamica del task ora è 7
mag 14, 2025 11:41:29 PM taskSet.Chunk execute
INFORMAZIONI: Il chunk 3 del task 17 ha eseguito per PT1S
mag 14, 2025 11:41:29 PM resource.PriorityCeilingProtocol progress
INFORMAZIONI: Il chunk 4 del task 17 ha acquisito le risorse [1]. La priorità dinamica del task ora è 7
mag 14, 2025 11:41:29 PM taskSet.Chunk execute
INFORMAZIONI: Il chunk 4 del task 17 ha eseguito per PT2S
mag 14, 2025 11:41:29 PM resource.PriorityCeilingProtocol release
INFORMAZIONI: Il chunk 4 del task 17 ha rilasciato le risorse [1]. La priorità dinamica del task ora è 7
mag 14, 2025 11:41:29 PM resource.PriorityCeilingProtocol progress
INFORMAZIONI: Il chunk 5 del task 18 ha acquisito le risorse [1]. La priorità dinamica del task ora è 9
mag 14, 2025 11:41:29 PM taskSet.Chunk execute
INFORMAZIONI: Il chunk 5 del task 18 ha eseguito per PT3S
mag 14, 2025 11:41:29 PM resource.PriorityCeilingProtocol release
INFORMAZIONI: Il chunk 5 del task 18 ha rilasciato le risorse [1]. La priorità dinamica del task ora è 9
mag 14, 2025 11:41:29 PM taskSet.Chunk execute
INFORMAZIONI: Il chunk 6 del task 18 ha eseguito per PT1S
mag 14, 2025 11:41:29 PM taskSet.Chunk execute
INFORMAZIONI: Il chunk 7 del task 18 ha eseguito per PT2S
mag 14, 2025 11:41:29 PM scheduler.RMScheduler schedule
INFORMAZIONI: Time: PT20S
mag 14, 2025 11:41:29 PM taskSet.Task checkAndReset
INFORMAZIONI: Il task 16 è stato rilasciato
mag 14, 2025 11:41:29 PM taskSet.Chunk execute
INFORMAZIONI: Il chunk 0 del task 16 ha eseguito per PT1S
mag 14, 2025 11:41:29 PM resource.PriorityCeilingProtocol progress
INFORMAZIONI: Il chunk 1 del task 16 ha acquisito le risorse [0]. La priorità dinamica del task ora è 5
mag 14, 2025 11:41:29 PM taskSet.Chunk execute
INFORMAZIONI: Il chunk 1 del task 16 ha eseguito per PT2S
mag 14, 2025 11:41:29 PM resource.PriorityCeilingProtocol release
INFORMAZIONI: Il chunk 1 del task 16 ha rilasciato le risorse [0]. La priorità dinamica del task ora è 5
mag 14, 2025 11:41:29 PM scheduler.RMScheduler schedule
INFORMAZIONI: Time: PT40S
mag 14, 2025 11:41:29 PM taskSet.Task checkAndReset
INFORMAZIONI: Il task 16 è stato rilasciato
mag 14, 2025 11:41:29 PM taskSet.Chunk execute
INFORMAZIONI: Il chunk 0 del task 16 ha eseguito per PT1S
mag 14, 2025 11:41:29 PM resource.PriorityCeilingProtocol progress
INFORMAZIONI: Il chunk 1 del task 16 ha acquisito le risorse [0]. La priorità dinamica del task ora è 5
mag 14, 2025 11:41:29 PM taskSet.Chunk execute
INFORMAZIONI: Il chunk 1 del task 16 ha eseguito per PT2S
mag 14, 2025 11:41:29 PM resource.PriorityCeilingProtocol release
INFORMAZIONI: Il chunk 1 del task 16 ha rilasciato le risorse [0]. La priorità dinamica del task ora è 5
mag 14, 2025 11:41:29 PM scheduler.RMScheduler schedule
INFORMAZIONI: Time: PT50S
mag 14, 2025 11:41:29 PM taskSet.Task checkAndReset
INFORMAZIONI: Il task 17 è stato rilasciato
mag 14, 2025 11:41:29 PM resource.PriorityCeilingProtocol progress
INFORMAZIONI: Il chunk 2 del task 17 ha acquisito le risorse [0]. La priorità dinamica del task ora è 7
mag 14, 2025 11:41:29 PM taskSet.Chunk execute
INFORMAZIONI: Il chunk 2 del task 17 ha eseguito per PT2S
mag 14, 2025 11:41:29 PM resource.PriorityCeilingProtocol release
INFORMAZIONI: Il chunk 2 del task 17 ha rilasciato le risorse [0]. La priorità dinamica del task ora è 7
mag 14, 2025 11:41:29 PM taskSet.Chunk execute
INFORMAZIONI: Il chunk 3 del task 17 ha eseguito per PT1S
mag 14, 2025 11:41:29 PM resource.PriorityCeilingProtocol progress
INFORMAZIONI: Il chunk 4 del task 17 ha acquisito le risorse [1]. La priorità dinamica del task ora è 7
mag 14, 2025 11:41:29 PM taskSet.Chunk execute
INFORMAZIONI: Il chunk 4 del task 17 ha eseguito per PT2S
mag 14, 2025 11:41:29 PM resource.PriorityCeilingProtocol release
INFORMAZIONI: Il chunk 4 del task 17 ha rilasciato le risorse [1]. La priorità dinamica del task ora è 7
mag 14, 2025 11:41:29 PM scheduler.RMScheduler schedule
INFORMAZIONI: Time: PT1M
mag 14, 2025 11:41:29 PM taskSet.Task checkAndReset
INFORMAZIONI: Il task 16 è stato rilasciato
mag 14, 2025 11:41:29 PM taskSet.Chunk execute
INFORMAZIONI: Il chunk 0 del task 16 ha eseguito per PT1S
mag 14, 2025 11:41:29 PM resource.PriorityCeilingProtocol progress
INFORMAZIONI: Il chunk 1 del task 16 ha acquisito le risorse [0]. La priorità dinamica del task ora è 5
mag 14, 2025 11:41:29 PM taskSet.Chunk execute
INFORMAZIONI: Il chunk 1 del task 16 ha eseguito per PT2S
mag 14, 2025 11:41:29 PM resource.PriorityCeilingProtocol release
INFORMAZIONI: Il chunk 1 del task 16 ha rilasciato le risorse [0]. La priorità dinamica del task ora è 5
mag 14, 2025 11:41:29 PM scheduler.RMScheduler schedule
INFORMAZIONI: Time: PT1M20S
mag 14, 2025 11:41:29 PM taskSet.Task checkAndReset
INFORMAZIONI: Il task 16 è stato rilasciato
mag 14, 2025 11:41:29 PM taskSet.Chunk execute
INFORMAZIONI: Il chunk 0 del task 16 ha eseguito per PT1S
mag 14, 2025 11:41:29 PM resource.PriorityCeilingProtocol progress
INFORMAZIONI: Il chunk 1 del task 16 ha acquisito le risorse [0]. La priorità dinamica del task ora è 5
mag 14, 2025 11:41:29 PM taskSet.Chunk execute
INFORMAZIONI: Il chunk 1 del task 16 ha eseguito per PT2S
mag 14, 2025 11:41:29 PM resource.PriorityCeilingProtocol release
INFORMAZIONI: Il chunk 1 del task 16 ha rilasciato le risorse [0]. La priorità dinamica del task ora è 5
mag 14, 2025 11:41:29 PM scheduler.RMScheduler schedule
INFORMAZIONI: Time: PT1M40S
mag 14, 2025 11:41:29 PM taskSet.Task checkAndReset
INFORMAZIONI: Il task 16 è stato rilasciato
mag 14, 2025 11:41:29 PM taskSet.Task checkAndReset
INFORMAZIONI: Il task 17 è stato rilasciato
mag 14, 2025 11:41:29 PM taskSet.Task checkAndReset
INFORMAZIONI: Il task 18 è stato rilasciato
mag 14, 2025 11:41:29 PM scheduler.RMScheduler schedule
INFORMAZIONI: La generazione di tracce è avvenuta con successo!
]]></system-err>
  </testcase>
  <testcase name="scheduleWRes2" classname="scheduler.RMSchedulerTest" time="0.012">
    <system-err><![CDATA[mag 14, 2025 11:41:29 PM scheduler.RMScheduler schedule
INFORMAZIONI: Time: 0. Tutti i task sono stati rilascaiti
mag 14, 2025 11:41:29 PM taskSet.Chunk execute
INFORMAZIONI: Il chunk 0 del task 19 ha eseguito per PT1S
mag 14, 2025 11:41:29 PM resource.PriorityCeilingProtocol progress
INFORMAZIONI: Il chunk 1 del task 19 ha acquisito le risorse [2, 3]. La priorità dinamica del task ora è 5
mag 14, 2025 11:41:29 PM taskSet.Chunk execute
INFORMAZIONI: Il chunk 1 del task 19 ha eseguito per PT2S
mag 14, 2025 11:41:29 PM resource.PriorityCeilingProtocol release
INFORMAZIONI: Il chunk 1 del task 19 ha rilasciato le risorse [2, 3]. La priorità dinamica del task ora è 5
mag 14, 2025 11:41:29 PM resource.PriorityCeilingProtocol progress
INFORMAZIONI: Il chunk 2 del task 20 ha acquisito le risorse [2]. La priorità dinamica del task ora è 7
mag 14, 2025 11:41:29 PM taskSet.Chunk execute
INFORMAZIONI: Il chunk 2 del task 20 ha eseguito per PT2S
mag 14, 2025 11:41:29 PM resource.PriorityCeilingProtocol release
INFORMAZIONI: Il chunk 2 del task 20 ha rilasciato le risorse [2]. La priorità dinamica del task ora è 7
mag 14, 2025 11:41:29 PM taskSet.Chunk execute
INFORMAZIONI: Il chunk 3 del task 20 ha eseguito per PT12S
mag 14, 2025 11:41:29 PM resource.PriorityCeilingProtocol progress
INFORMAZIONI: Il chunk 4 del task 20 ha acquisito le risorse [3]. La priorità dinamica del task ora è 7
mag 14, 2025 11:41:29 PM taskSet.Chunk execute
INFORMAZIONI: Il chunk 4 del task 20 ha eseguito per PT2S
mag 14, 2025 11:41:29 PM resource.PriorityCeilingProtocol release
INFORMAZIONI: Il chunk 4 del task 20 ha rilasciato le risorse [3]. La priorità dinamica del task ora è 7
mag 14, 2025 11:41:29 PM resource.PriorityCeilingProtocol progress
INFORMAZIONI: Il chunk 5 del task 21 ha acquisito le risorse [3]. La priorità dinamica del task ora è 9
mag 14, 2025 11:41:29 PM taskSet.Chunk execute
INFORMAZIONI: Il chunk 5 del task 21 ha eseguito per PT1S
mag 14, 2025 11:41:29 PM scheduler.RMScheduler schedule
INFORMAZIONI: Time: PT20S
mag 14, 2025 11:41:29 PM taskSet.Task checkAndReset
INFORMAZIONI: Il task 19 è stato rilasciato
mag 14, 2025 11:41:29 PM taskSet.Chunk execute
INFORMAZIONI: Il chunk 0 del task 19 ha eseguito per PT1S
mag 14, 2025 11:41:29 PM resource.PriorityCeilingProtocol progress
INFORMAZIONI: Il chunk 1 del task 19 ha acquisito le risorse [2, 3]. La priorità dinamica del task ora è 5
mag 14, 2025 11:41:29 PM taskSet.Chunk execute
INFORMAZIONI: Il chunk 1 del task 19 ha eseguito per PT2S
mag 14, 2025 11:41:29 PM resource.PriorityCeilingProtocol release
INFORMAZIONI: Il chunk 1 del task 19 ha rilasciato le risorse [2, 3]. La priorità dinamica del task ora è 5
mag 14, 2025 11:41:29 PM resource.PriorityCeilingProtocol progress
INFORMAZIONI: Il chunk 5 del task 21 ha acquisito le risorse [3]. La priorità dinamica del task ora è 9
mag 14, 2025 11:41:29 PM taskSet.Chunk execute
INFORMAZIONI: Il chunk 5 del task 21 ha eseguito per PT12S
mag 14, 2025 11:41:29 PM resource.PriorityCeilingProtocol release
INFORMAZIONI: Il chunk 5 del task 21 ha rilasciato le risorse [3]. La priorità dinamica del task ora è 9
mag 14, 2025 11:41:29 PM taskSet.Chunk execute
INFORMAZIONI: Il chunk 6 del task 21 ha eseguito per PT1S
mag 14, 2025 11:41:29 PM taskSet.Chunk execute
INFORMAZIONI: Il chunk 7 del task 21 ha eseguito per PT2S
mag 14, 2025 11:41:29 PM scheduler.RMScheduler schedule
INFORMAZIONI: Time: PT40S
mag 14, 2025 11:41:29 PM taskSet.Task checkAndReset
INFORMAZIONI: Il task 19 è stato rilasciato
mag 14, 2025 11:41:29 PM taskSet.Chunk execute
INFORMAZIONI: Il chunk 0 del task 19 ha eseguito per PT1S
mag 14, 2025 11:41:29 PM resource.PriorityCeilingProtocol progress
INFORMAZIONI: Il chunk 1 del task 19 ha acquisito le risorse [2, 3]. La priorità dinamica del task ora è 5
mag 14, 2025 11:41:29 PM taskSet.Chunk execute
INFORMAZIONI: Il chunk 1 del task 19 ha eseguito per PT2S
mag 14, 2025 11:41:29 PM resource.PriorityCeilingProtocol release
INFORMAZIONI: Il chunk 1 del task 19 ha rilasciato le risorse [2, 3]. La priorità dinamica del task ora è 5
mag 14, 2025 11:41:29 PM scheduler.RMScheduler schedule
INFORMAZIONI: Time: PT50S
mag 14, 2025 11:41:29 PM taskSet.Task checkAndReset
INFORMAZIONI: Il task 20 è stato rilasciato
mag 14, 2025 11:41:29 PM resource.PriorityCeilingProtocol progress
INFORMAZIONI: Il chunk 2 del task 20 ha acquisito le risorse [2]. La priorità dinamica del task ora è 7
mag 14, 2025 11:41:29 PM taskSet.Chunk execute
INFORMAZIONI: Il chunk 2 del task 20 ha eseguito per PT2S
mag 14, 2025 11:41:29 PM resource.PriorityCeilingProtocol release
INFORMAZIONI: Il chunk 2 del task 20 ha rilasciato le risorse [2]. La priorità dinamica del task ora è 7
mag 14, 2025 11:41:29 PM taskSet.Chunk execute
INFORMAZIONI: Il chunk 3 del task 20 ha eseguito per PT8S
mag 14, 2025 11:41:29 PM scheduler.RMScheduler schedule
INFORMAZIONI: Time: PT1M
mag 14, 2025 11:41:29 PM taskSet.Task checkAndReset
INFORMAZIONI: Il task 19 è stato rilasciato
mag 14, 2025 11:41:29 PM taskSet.Chunk execute
INFORMAZIONI: Il chunk 0 del task 19 ha eseguito per PT1S
mag 14, 2025 11:41:29 PM resource.PriorityCeilingProtocol progress
INFORMAZIONI: Il chunk 1 del task 19 ha acquisito le risorse [2, 3]. La priorità dinamica del task ora è 5
mag 14, 2025 11:41:29 PM taskSet.Chunk execute
INFORMAZIONI: Il chunk 1 del task 19 ha eseguito per PT2S
mag 14, 2025 11:41:29 PM resource.PriorityCeilingProtocol release
INFORMAZIONI: Il chunk 1 del task 19 ha rilasciato le risorse [2, 3]. La priorità dinamica del task ora è 5
mag 14, 2025 11:41:29 PM taskSet.Chunk execute
INFORMAZIONI: Il chunk 3 del task 20 ha eseguito per PT4S
mag 14, 2025 11:41:29 PM resource.PriorityCeilingProtocol progress
INFORMAZIONI: Il chunk 4 del task 20 ha acquisito le risorse [3]. La priorità dinamica del task ora è 7
mag 14, 2025 11:41:29 PM taskSet.Chunk execute
INFORMAZIONI: Il chunk 4 del task 20 ha eseguito per PT2S
mag 14, 2025 11:41:29 PM resource.PriorityCeilingProtocol release
INFORMAZIONI: Il chunk 4 del task 20 ha rilasciato le risorse [3]. La priorità dinamica del task ora è 7
mag 14, 2025 11:41:29 PM scheduler.RMScheduler schedule
INFORMAZIONI: Time: PT1M20S
mag 14, 2025 11:41:29 PM taskSet.Task checkAndReset
INFORMAZIONI: Il task 19 è stato rilasciato
mag 14, 2025 11:41:29 PM taskSet.Chunk execute
INFORMAZIONI: Il chunk 0 del task 19 ha eseguito per PT1S
mag 14, 2025 11:41:29 PM resource.PriorityCeilingProtocol progress
INFORMAZIONI: Il chunk 1 del task 19 ha acquisito le risorse [2, 3]. La priorità dinamica del task ora è 5
mag 14, 2025 11:41:29 PM taskSet.Chunk execute
INFORMAZIONI: Il chunk 1 del task 19 ha eseguito per PT2S
mag 14, 2025 11:41:29 PM resource.PriorityCeilingProtocol release
INFORMAZIONI: Il chunk 1 del task 19 ha rilasciato le risorse [2, 3]. La priorità dinamica del task ora è 5
mag 14, 2025 11:41:29 PM scheduler.RMScheduler schedule
INFORMAZIONI: Time: PT1M40S
mag 14, 2025 11:41:29 PM taskSet.Task checkAndReset
INFORMAZIONI: Il task 20 è stato rilasciato
mag 14, 2025 11:41:29 PM taskSet.Task checkAndReset
INFORMAZIONI: Il task 21 è stato rilasciato
mag 14, 2025 11:41:29 PM taskSet.Task checkAndReset
INFORMAZIONI: Il task 19 è stato rilasciato
mag 14, 2025 11:41:29 PM scheduler.RMScheduler schedule
INFORMAZIONI: La generazione di tracce è avvenuta con successo!
]]></system-err>
  </testcase>
  <testcase name="scheduleWRes3" classname="scheduler.RMSchedulerTest" time="0.009">
    <system-err><![CDATA[mag 14, 2025 11:41:29 PM scheduler.RMScheduler schedule
INFORMAZIONI: Time: 0. Tutti i task sono stati rilascaiti
mag 14, 2025 11:41:29 PM taskSet.Chunk execute
INFORMAZIONI: Il chunk 0 del task 22 ha eseguito per PT1S
mag 14, 2025 11:41:29 PM resource.PriorityCeilingProtocol progress
INFORMAZIONI: Il chunk 1 del task 22 ha acquisito le risorse [4, 5]. La priorità dinamica del task ora è 5
mag 14, 2025 11:41:29 PM taskSet.Chunk execute
INFORMAZIONI: Il chunk 1 del task 22 ha eseguito per PT2S
mag 14, 2025 11:41:29 PM resource.PriorityCeilingProtocol release
INFORMAZIONI: Il chunk 1 del task 22 ha rilasciato le risorse [4, 5]. La priorità dinamica del task ora è 5
mag 14, 2025 11:41:29 PM resource.PriorityCeilingProtocol progress
INFORMAZIONI: Il chunk 2 del task 23 ha acquisito le risorse [4]. La priorità dinamica del task ora è 7
mag 14, 2025 11:41:29 PM taskSet.Chunk execute
INFORMAZIONI: Il chunk 2 del task 23 ha eseguito per PT12S
mag 14, 2025 11:41:29 PM resource.PriorityCeilingProtocol release
INFORMAZIONI: Il chunk 2 del task 23 ha rilasciato le risorse [4]. La priorità dinamica del task ora è 7
mag 14, 2025 11:41:29 PM taskSet.Chunk execute
INFORMAZIONI: Il chunk 3 del task 23 ha eseguito per PT5S
mag 14, 2025 11:41:29 PM scheduler.RMScheduler schedule
INFORMAZIONI: Time: PT20S
mag 14, 2025 11:41:29 PM taskSet.Task checkAndReset
INFORMAZIONI: Il task 22 è stato rilasciato
mag 14, 2025 11:41:29 PM taskSet.Chunk execute
INFORMAZIONI: Il chunk 0 del task 22 ha eseguito per PT1S
mag 14, 2025 11:41:29 PM resource.PriorityCeilingProtocol progress
INFORMAZIONI: Il chunk 1 del task 22 ha acquisito le risorse [4, 5]. La priorità dinamica del task ora è 5
mag 14, 2025 11:41:29 PM taskSet.Chunk execute
INFORMAZIONI: Il chunk 1 del task 22 ha eseguito per PT2S
mag 14, 2025 11:41:29 PM resource.PriorityCeilingProtocol release
INFORMAZIONI: Il chunk 1 del task 22 ha rilasciato le risorse [4, 5]. La priorità dinamica del task ora è 5
mag 14, 2025 11:41:29 PM taskSet.Chunk execute
INFORMAZIONI: Il chunk 3 del task 23 ha eseguito per PT7S
mag 14, 2025 11:41:29 PM resource.PriorityCeilingProtocol progress
INFORMAZIONI: Il chunk 4 del task 23 ha acquisito le risorse [4, 5]. La priorità dinamica del task ora è 7
mag 14, 2025 11:41:29 PM taskSet.Chunk execute
INFORMAZIONI: Il chunk 4 del task 23 ha eseguito per PT2S
mag 14, 2025 11:41:29 PM resource.PriorityCeilingProtocol release
INFORMAZIONI: Il chunk 4 del task 23 ha rilasciato le risorse [4, 5]. La priorità dinamica del task ora è 7
mag 14, 2025 11:41:29 PM resource.PriorityCeilingProtocol progress
INFORMAZIONI: Il chunk 5 del task 24 ha acquisito le risorse [5]. La priorità dinamica del task ora è 9
mag 14, 2025 11:41:29 PM taskSet.Chunk execute
INFORMAZIONI: Il chunk 5 del task 24 ha eseguito per PT8S
mag 14, 2025 11:41:29 PM scheduler.RMScheduler schedule
INFORMAZIONI: Time: PT40S
mag 14, 2025 11:41:29 PM taskSet.Task checkAndReset
INFORMAZIONI: Il task 22 è stato rilasciato
mag 14, 2025 11:41:29 PM taskSet.Chunk execute
INFORMAZIONI: Il chunk 0 del task 22 ha eseguito per PT1S
mag 14, 2025 11:41:29 PM resource.PriorityCeilingProtocol progress
INFORMAZIONI: Il chunk 1 del task 22 ha acquisito le risorse [4, 5]. La priorità dinamica del task ora è 5
mag 14, 2025 11:41:29 PM taskSet.Chunk execute
INFORMAZIONI: Il chunk 1 del task 22 ha eseguito per PT2S
mag 14, 2025 11:41:29 PM resource.PriorityCeilingProtocol release
INFORMAZIONI: Il chunk 1 del task 22 ha rilasciato le risorse [4, 5]. La priorità dinamica del task ora è 5
mag 14, 2025 11:41:29 PM resource.PriorityCeilingProtocol progress
INFORMAZIONI: Il chunk 5 del task 24 ha acquisito le risorse [5]. La priorità dinamica del task ora è 9
mag 14, 2025 11:41:29 PM taskSet.Chunk execute
INFORMAZIONI: Il chunk 5 del task 24 ha eseguito per PT5S
mag 14, 2025 11:41:29 PM resource.PriorityCeilingProtocol release
INFORMAZIONI: Il chunk 5 del task 24 ha rilasciato le risorse [5]. La priorità dinamica del task ora è 9
mag 14, 2025 11:41:29 PM taskSet.Chunk execute
INFORMAZIONI: Il chunk 6 del task 24 ha eseguito per PT1S
mag 14, 2025 11:41:29 PM taskSet.Chunk execute
INFORMAZIONI: Il chunk 7 del task 24 ha eseguito per PT1S
mag 14, 2025 11:41:29 PM scheduler.RMScheduler schedule
INFORMAZIONI: Time: PT50S
mag 14, 2025 11:41:29 PM taskSet.Task checkAndReset
INFORMAZIONI: Il task 23 è stato rilasciato
mag 14, 2025 11:41:29 PM resource.PriorityCeilingProtocol progress
INFORMAZIONI: Il chunk 2 del task 23 ha acquisito le risorse [4]. La priorità dinamica del task ora è 7
mag 14, 2025 11:41:29 PM taskSet.Chunk execute
INFORMAZIONI: Il chunk 2 del task 23 ha eseguito per PT10S
mag 14, 2025 11:41:29 PM scheduler.RMScheduler schedule
INFORMAZIONI: Time: PT1M
mag 14, 2025 11:41:29 PM taskSet.Task checkAndReset
INFORMAZIONI: Il task 22 è stato rilasciato
mag 14, 2025 11:41:29 PM taskSet.Chunk execute
INFORMAZIONI: Il chunk 0 del task 22 ha eseguito per PT1S
mag 14, 2025 11:41:29 PM resource.PriorityCeilingProtocol progress
INFORMAZIONI: Il chunk 1 del task 22 ha acquisito le risorse [4, 5]. La priorità dinamica del task ora è 5
mag 14, 2025 11:41:29 PM taskSet.Chunk execute
INFORMAZIONI: Il chunk 1 del task 22 ha eseguito per PT2S
mag 14, 2025 11:41:29 PM resource.PriorityCeilingProtocol release
INFORMAZIONI: Il chunk 1 del task 22 ha rilasciato le risorse [4, 5]. La priorità dinamica del task ora è 5
mag 14, 2025 11:41:29 PM resource.PriorityCeilingProtocol progress
INFORMAZIONI: Il chunk 2 del task 23 ha acquisito le risorse [4]. La priorità dinamica del task ora è 7
mag 14, 2025 11:41:29 PM taskSet.Chunk execute
INFORMAZIONI: Il chunk 2 del task 23 ha eseguito per PT2S
mag 14, 2025 11:41:29 PM resource.PriorityCeilingProtocol release
INFORMAZIONI: Il chunk 2 del task 23 ha rilasciato le risorse [4]. La priorità dinamica del task ora è 7
mag 14, 2025 11:41:29 PM taskSet.Chunk execute
INFORMAZIONI: Il chunk 3 del task 23 ha eseguito per PT12S
mag 14, 2025 11:41:29 PM resource.PriorityCeilingProtocol progress
INFORMAZIONI: Il chunk 4 del task 23 ha acquisito le risorse [4, 5]. La priorità dinamica del task ora è 7
mag 14, 2025 11:41:29 PM taskSet.Chunk execute
INFORMAZIONI: Il chunk 4 del task 23 ha eseguito per PT2S
mag 14, 2025 11:41:29 PM resource.PriorityCeilingProtocol release
INFORMAZIONI: Il chunk 4 del task 23 ha rilasciato le risorse [4, 5]. La priorità dinamica del task ora è 7
mag 14, 2025 11:41:29 PM taskSet.Chunk execute
INFORMAZIONI: Il chunk 7 del task 24 ha eseguito per PT1S
mag 14, 2025 11:41:29 PM scheduler.RMScheduler schedule
INFORMAZIONI: Time: PT1M20S
mag 14, 2025 11:41:29 PM taskSet.Task checkAndReset
INFORMAZIONI: Il task 22 è stato rilasciato
mag 14, 2025 11:41:29 PM taskSet.Chunk execute
INFORMAZIONI: Il chunk 0 del task 22 ha eseguito per PT1S
mag 14, 2025 11:41:29 PM resource.PriorityCeilingProtocol progress
INFORMAZIONI: Il chunk 1 del task 22 ha acquisito le risorse [4, 5]. La priorità dinamica del task ora è 5
mag 14, 2025 11:41:29 PM taskSet.Chunk execute
INFORMAZIONI: Il chunk 1 del task 22 ha eseguito per PT2S
mag 14, 2025 11:41:29 PM resource.PriorityCeilingProtocol release
INFORMAZIONI: Il chunk 1 del task 22 ha rilasciato le risorse [4, 5]. La priorità dinamica del task ora è 5
mag 14, 2025 11:41:29 PM taskSet.Chunk execute
INFORMAZIONI: Il chunk 7 del task 24 ha eseguito per PT17S
mag 14, 2025 11:41:29 PM scheduler.RMScheduler schedule
INFORMAZIONI: Time: PT1M40S
mag 14, 2025 11:41:29 PM taskSet.Task checkAndReset
INFORMAZIONI: Il task 22 è stato rilasciato
]]></system-err>
  </testcase>
</testsuite>